{
  "timestamp": "2025-12-04T16:32:38.827165",
  "results": [
    {
      "name": "auth_get_user_by_email",
      "success": true,
      "execution_time_ms": 0.052,
      "planning_time_ms": 0.598,
      "total_time_ms": 0.65,
      "plan": {
        "Node Type": "Seq Scan",
        "Parallel Aware": false,
        "Async Capable": false,
        "Relation Name": "users",
        "Alias": "users",
        "Startup Cost": 0.0,
        "Total Cost": 1.04,
        "Plan Rows": 1,
        "Plan Width": 1691,
        "Actual Startup Time": 0.013,
        "Actual Total Time": 0.013,
        "Actual Rows": 0,
        "Actual Loops": 1,
        "Filter": "((email)::text = 'test@example.com'::text)",
        "Rows Removed by Filter": 3,
        "Shared Hit Blocks": 1,
        "Shared Read Blocks": 0,
        "Shared Dirtied Blocks": 0,
        "Shared Written Blocks": 0,
        "Local Hit Blocks": 0,
        "Local Read Blocks": 0,
        "Local Dirtied Blocks": 0,
        "Local Written Blocks": 0,
        "Temp Read Blocks": 0,
        "Temp Written Blocks": 0
      },
      "issues": []
    },
    {
      "name": "auth_check_subscription",
      "success": true,
      "execution_time_ms": 0.033,
      "planning_time_ms": 0.131,
      "total_time_ms": 0.164,
      "plan": {
        "Node Type": "Seq Scan",
        "Parallel Aware": false,
        "Async Capable": false,
        "Relation Name": "users",
        "Alias": "users",
        "Startup Cost": 0.34,
        "Total Cost": 1.39,
        "Plan Rows": 1,
        "Plan Width": 776,
        "Actual Startup Time": 0.014,
        "Actual Total Time": 0.014,
        "Actual Rows": 0,
        "Actual Loops": 1,
        "Filter": "((id = $0) AND ((subscription_status)::text = 'active'::text))",
        "Rows Removed by Filter": 3,
        "Shared Hit Blocks": 2,
        "Shared Read Blocks": 0,
        "Shared Dirtied Blocks": 0,
        "Shared Written Blocks": 0,
        "Local Hit Blocks": 0,
        "Local Read Blocks": 0,
        "Local Dirtied Blocks": 0,
        "Local Written Blocks": 0,
        "Temp Read Blocks": 0,
        "Temp Written Blocks": 0,
        "Plans": [
          {
            "Node Type": "Limit",
            "Parent Relationship": "InitPlan",
            "Subplan Name": "InitPlan 1 (returns $0)",
            "Parallel Aware": false,
            "Async Capable": false,
            "Startup Cost": 0.0,
            "Total Cost": 0.34,
            "Plan Rows": 1,
            "Plan Width": 16,
            "Actual Startup Time": 0.002,
            "Actual Total Time": 0.003,
            "Actual Rows": 1,
            "Actual Loops": 1,
            "Shared Hit Blocks": 1,
            "Shared Read Blocks": 0,
            "Shared Dirtied Blocks": 0,
            "Shared Written Blocks": 0,
            "Local Hit Blocks": 0,
            "Local Read Blocks": 0,
            "Local Dirtied Blocks": 0,
            "Local Written Blocks": 0,
            "Temp Read Blocks": 0,
            "Temp Written Blocks": 0,
            "Plans": [
              {
                "Node Type": "Seq Scan",
                "Parent Relationship": "Outer",
                "Parallel Aware": false,
                "Async Capable": false,
                "Relation Name": "users",
                "Alias": "users_1",
                "Startup Cost": 0.0,
                "Total Cost": 1.03,
                "Plan Rows": 3,
                "Plan Width": 16,
                "Actual Startup Time": 0.001,
                "Actual Total Time": 0.001,
                "Actual Rows": 1,
                "Actual Loops": 1,
                "Shared Hit Blocks": 1,
                "Shared Read Blocks": 0,
                "Shared Dirtied Blocks": 0,
                "Shared Written Blocks": 0,
                "Local Hit Blocks": 0,
                "Local Read Blocks": 0,
                "Local Dirtied Blocks": 0,
                "Local Written Blocks": 0,
                "Temp Read Blocks": 0,
                "Temp Written Blocks": 0
              }
            ]
          }
        ]
      },
      "issues": []
    },
    {
      "name": "products_list_paginated",
      "success": true,
      "execution_time_ms": 0.82,
      "planning_time_ms": 0.878,
      "total_time_ms": 1.698,
      "plan": {
        "Node Type": "Limit",
        "Parallel Aware": false,
        "Async Capable": false,
        "Startup Cost": 101.88,
        "Total Cost": 102.01,
        "Plan Rows": 50,
        "Plan Width": 408,
        "Actual Startup Time": 0.789,
        "Actual Total Time": 0.797,
        "Actual Rows": 50,
        "Actual Loops": 1,
        "Shared Hit Blocks": 78,
        "Shared Read Blocks": 0,
        "Shared Dirtied Blocks": 0,
        "Shared Written Blocks": 0,
        "Local Hit Blocks": 0,
        "Local Read Blocks": 0,
        "Local Dirtied Blocks": 0,
        "Local Written Blocks": 0,
        "Temp Read Blocks": 0,
        "Temp Written Blocks": 0,
        "Plans": [
          {
            "Node Type": "Sort",
            "Parent Relationship": "Outer",
            "Parallel Aware": false,
            "Async Capable": false,
            "Startup Cost": 101.88,
            "Total Cost": 103.44,
            "Plan Rows": 622,
            "Plan Width": 408,
            "Actual Startup Time": 0.788,
            "Actual Total Time": 0.792,
            "Actual Rows": 50,
            "Actual Loops": 1,
            "Sort Key": [
              "sales_30d DESC NULLS LAST"
            ],
            "Sort Method": "top-N heapsort",
            "Sort Space Used": 70,
            "Sort Space Type": "Memory",
            "Shared Hit Blocks": 78,
            "Shared Read Blocks": 0,
            "Shared Dirtied Blocks": 0,
            "Shared Written Blocks": 0,
            "Local Hit Blocks": 0,
            "Local Read Blocks": 0,
            "Local Dirtied Blocks": 0,
            "Local Written Blocks": 0,
            "Temp Read Blocks": 0,
            "Temp Written Blocks": 0,
            "Plans": [
              {
                "Node Type": "Seq Scan",
                "Parent Relationship": "Outer",
                "Parallel Aware": false,
                "Async Capable": false,
                "Relation Name": "products",
                "Alias": "products",
                "Startup Cost": 0.0,
                "Total Cost": 81.22,
                "Plan Rows": 622,
                "Plan Width": 408,
                "Actual Startup Time": 0.011,
                "Actual Total Time": 0.483,
                "Actual Rows": 617,
                "Actual Loops": 1,
                "Filter": "in_stock",
                "Rows Removed by Filter": 0,
                "Shared Hit Blocks": 75,
                "Shared Read Blocks": 0,
                "Shared Dirtied Blocks": 0,
                "Shared Written Blocks": 0,
                "Local Hit Blocks": 0,
                "Local Read Blocks": 0,
                "Local Dirtied Blocks": 0,
                "Local Written Blocks": 0,
                "Temp Read Blocks": 0,
                "Temp Written Blocks": 0
              }
            ]
          }
        ]
      },
      "issues": []
    },
    {
      "name": "products_search_text",
      "success": true,
      "execution_time_ms": 2.4,
      "planning_time_ms": 1.394,
      "total_time_ms": 3.7939999999999996,
      "plan": {
        "Node Type": "Limit",
        "Parallel Aware": false,
        "Async Capable": false,
        "Startup Cost": 85.39,
        "Total Cost": 85.49,
        "Plan Rows": 40,
        "Plan Width": 392,
        "Actual Startup Time": 2.369,
        "Actual Total Time": 2.372,
        "Actual Rows": 18,
        "Actual Loops": 1,
        "Shared Hit Blocks": 103,
        "Shared Read Blocks": 0,
        "Shared Dirtied Blocks": 0,
        "Shared Written Blocks": 0,
        "Local Hit Blocks": 0,
        "Local Read Blocks": 0,
        "Local Dirtied Blocks": 0,
        "Local Written Blocks": 0,
        "Temp Read Blocks": 0,
        "Temp Written Blocks": 0,
        "Plans": [
          {
            "Node Type": "Sort",
            "Parent Relationship": "Outer",
            "Parallel Aware": false,
            "Async Capable": false,
            "Startup Cost": 85.39,
            "Total Cost": 85.49,
            "Plan Rows": 40,
            "Plan Width": 392,
            "Actual Startup Time": 2.366,
            "Actual Total Time": 2.368,
            "Actual Rows": 18,
            "Actual Loops": 1,
            "Sort Key": [
              "sales_30d DESC NULLS LAST"
            ],
            "Sort Method": "quicksort",
            "Sort Space Used": 34,
            "Sort Space Type": "Memory",
            "Shared Hit Blocks": 103,
            "Shared Read Blocks": 0,
            "Shared Dirtied Blocks": 0,
            "Shared Written Blocks": 0,
            "Local Hit Blocks": 0,
            "Local Read Blocks": 0,
            "Local Dirtied Blocks": 0,
            "Local Written Blocks": 0,
            "Temp Read Blocks": 0,
            "Temp Written Blocks": 0,
            "Plans": [
              {
                "Node Type": "Seq Scan",
                "Parent Relationship": "Outer",
                "Parallel Aware": false,
                "Async Capable": false,
                "Relation Name": "products",
                "Alias": "products",
                "Startup Cost": 0.0,
                "Total Cost": 84.33,
                "Plan Rows": 40,
                "Plan Width": 392,
                "Actual Startup Time": 0.134,
                "Actual Total Time": 2.345,
                "Actual Rows": 18,
                "Actual Loops": 1,
                "Filter": "(in_stock AND (((title)::text ~~* '%celular%'::text) OR (description ~~* '%celular%'::text)))",
                "Rows Removed by Filter": 599,
                "Shared Hit Blocks": 103,
                "Shared Read Blocks": 0,
                "Shared Dirtied Blocks": 0,
                "Shared Written Blocks": 0,
                "Local Hit Blocks": 0,
                "Local Read Blocks": 0,
                "Local Dirtied Blocks": 0,
                "Local Written Blocks": 0,
                "Temp Read Blocks": 0,
                "Temp Written Blocks": 0
              }
            ]
          }
        ]
      },
      "issues": []
    },
    {
      "name": "financial_transactions_list",
      "success": false,
      "error": "Coluna n\u00e3o existe: column \"amount\" does not exist"
    },
    {
      "name": "financial_transactions_period",
      "success": false,
      "error": "Coluna n\u00e3o existe: column \"amount\" does not exist"
    },
    {
      "name": "user_credits_balance",
      "success": true,
      "execution_time_ms": 0.038,
      "planning_time_ms": 0.135,
      "total_time_ms": 0.17300000000000001,
      "plan": {
        "Node Type": "Seq Scan",
        "Parallel Aware": false,
        "Async Capable": false,
        "Relation Name": "users",
        "Alias": "users",
        "Startup Cost": 0.34,
        "Total Cost": 1.38,
        "Plan Rows": 1,
        "Plan Width": 12,
        "Actual Startup Time": 0.018,
        "Actual Total Time": 0.02,
        "Actual Rows": 1,
        "Actual Loops": 1,
        "Filter": "(id = $0)",
        "Rows Removed by Filter": 2,
        "Shared Hit Blocks": 2,
        "Shared Read Blocks": 0,
        "Shared Dirtied Blocks": 0,
        "Shared Written Blocks": 0,
        "Local Hit Blocks": 0,
        "Local Read Blocks": 0,
        "Local Dirtied Blocks": 0,
        "Local Written Blocks": 0,
        "Temp Read Blocks": 0,
        "Temp Written Blocks": 0,
        "Plans": [
          {
            "Node Type": "Limit",
            "Parent Relationship": "InitPlan",
            "Subplan Name": "InitPlan 1 (returns $0)",
            "Parallel Aware": false,
            "Async Capable": false,
            "Startup Cost": 0.0,
            "Total Cost": 0.34,
            "Plan Rows": 1,
            "Plan Width": 16,
            "Actual Startup Time": 0.004,
            "Actual Total Time": 0.005,
            "Actual Rows": 1,
            "Actual Loops": 1,
            "Shared Hit Blocks": 1,
            "Shared Read Blocks": 0,
            "Shared Dirtied Blocks": 0,
            "Shared Written Blocks": 0,
            "Local Hit Blocks": 0,
            "Local Read Blocks": 0,
            "Local Dirtied Blocks": 0,
            "Local Written Blocks": 0,
            "Temp Read Blocks": 0,
            "Temp Written Blocks": 0,
            "Plans": [
              {
                "Node Type": "Seq Scan",
                "Parent Relationship": "Outer",
                "Parallel Aware": false,
                "Async Capable": false,
                "Relation Name": "users",
                "Alias": "users_1",
                "Startup Cost": 0.0,
                "Total Cost": 1.03,
                "Plan Rows": 3,
                "Plan Width": 16,
                "Actual Startup Time": 0.003,
                "Actual Total Time": 0.003,
                "Actual Rows": 1,
                "Actual Loops": 1,
                "Shared Hit Blocks": 1,
                "Shared Read Blocks": 0,
                "Shared Dirtied Blocks": 0,
                "Shared Written Blocks": 0,
                "Local Hit Blocks": 0,
                "Local Read Blocks": 0,
                "Local Dirtied Blocks": 0,
                "Local Written Blocks": 0,
                "Temp Read Blocks": 0,
                "Temp Written Blocks": 0
              }
            ]
          }
        ]
      },
      "issues": []
    },
    {
      "name": "crm_leads_active",
      "success": false,
      "error": "Coluna n\u00e3o existe: column l.name does not exist"
    },
    {
      "name": "users_active_subscriptions",
      "success": true,
      "execution_time_ms": 0.086,
      "planning_time_ms": 0.129,
      "total_time_ms": 0.215,
      "plan": {
        "Node Type": "Sort",
        "Parallel Aware": false,
        "Async Capable": false,
        "Startup Cost": 1.06,
        "Total Cost": 1.07,
        "Plan Rows": 1,
        "Plan Width": 784,
        "Actual Startup Time": 0.055,
        "Actual Total Time": 0.056,
        "Actual Rows": 0,
        "Actual Loops": 1,
        "Sort Key": [
          "created_at DESC"
        ],
        "Sort Method": "quicksort",
        "Sort Space Used": 25,
        "Sort Space Type": "Memory",
        "Shared Hit Blocks": 4,
        "Shared Read Blocks": 0,
        "Shared Dirtied Blocks": 0,
        "Shared Written Blocks": 0,
        "Local Hit Blocks": 0,
        "Local Read Blocks": 0,
        "Local Dirtied Blocks": 0,
        "Local Written Blocks": 0,
        "Temp Read Blocks": 0,
        "Temp Written Blocks": 0,
        "Plans": [
          {
            "Node Type": "Seq Scan",
            "Parent Relationship": "Outer",
            "Parallel Aware": false,
            "Async Capable": false,
            "Relation Name": "users",
            "Alias": "users",
            "Startup Cost": 0.0,
            "Total Cost": 1.05,
            "Plan Rows": 1,
            "Plan Width": 784,
            "Actual Startup Time": 0.015,
            "Actual Total Time": 0.015,
            "Actual Rows": 0,
            "Actual Loops": 1,
            "Filter": "(((subscription_status)::text = 'active'::text) AND ((subscription_expires_at IS NULL) OR (subscription_expires_at > now())))",
            "Rows Removed by Filter": 3,
            "Shared Hit Blocks": 1,
            "Shared Read Blocks": 0,
            "Shared Dirtied Blocks": 0,
            "Shared Written Blocks": 0,
            "Local Hit Blocks": 0,
            "Local Read Blocks": 0,
            "Local Dirtied Blocks": 0,
            "Local Written Blocks": 0,
            "Temp Read Blocks": 0,
            "Temp Written Blocks": 0
          }
        ]
      },
      "issues": []
    },
    {
      "name": "metrics_daily_aggregation",
      "success": false,
      "error": "Coluna n\u00e3o existe: column \"amount\" does not exist"
    },
    {
      "name": "products_trending",
      "success": true,
      "execution_time_ms": 0.03,
      "planning_time_ms": 0.117,
      "total_time_ms": 0.14700000000000002,
      "plan": {
        "Node Type": "Limit",
        "Parallel Aware": false,
        "Async Capable": false,
        "Startup Cost": 0.15,
        "Total Cost": 4.17,
        "Plan Rows": 1,
        "Plan Width": 392,
        "Actual Startup Time": 0.015,
        "Actual Total Time": 0.016,
        "Actual Rows": 0,
        "Actual Loops": 1,
        "Shared Hit Blocks": 1,
        "Shared Read Blocks": 0,
        "Shared Dirtied Blocks": 0,
        "Shared Written Blocks": 0,
        "Local Hit Blocks": 0,
        "Local Read Blocks": 0,
        "Local Dirtied Blocks": 0,
        "Local Written Blocks": 0,
        "Temp Read Blocks": 0,
        "Temp Written Blocks": 0,
        "Plans": [
          {
            "Node Type": "Index Scan",
            "Parent Relationship": "Outer",
            "Parallel Aware": false,
            "Async Capable": false,
            "Scan Direction": "Forward",
            "Index Name": "idx_products_sales_7d",
            "Relation Name": "products",
            "Alias": "products",
            "Startup Cost": 0.15,
            "Total Cost": 4.17,
            "Plan Rows": 1,
            "Plan Width": 392,
            "Actual Startup Time": 0.015,
            "Actual Total Time": 0.015,
            "Actual Rows": 0,
            "Actual Loops": 1,
            "Index Cond": "(sales_7d > 10)",
            "Rows Removed by Index Recheck": 0,
            "Filter": "in_stock",
            "Rows Removed by Filter": 0,
            "Shared Hit Blocks": 1,
            "Shared Read Blocks": 0,
            "Shared Dirtied Blocks": 0,
            "Shared Written Blocks": 0,
            "Local Hit Blocks": 0,
            "Local Read Blocks": 0,
            "Local Dirtied Blocks": 0,
            "Local Written Blocks": 0,
            "Temp Read Blocks": 0,
            "Temp Written Blocks": 0
          }
        ]
      },
      "issues": []
    },
    {
      "name": "products_count_by_category",
      "success": true,
      "execution_time_ms": 0.491,
      "planning_time_ms": 0.157,
      "total_time_ms": 0.648,
      "plan": {
        "Node Type": "Sort",
        "Parallel Aware": false,
        "Async Capable": false,
        "Startup Cost": 84.5,
        "Total Cost": 84.52,
        "Plan Rows": 7,
        "Plan Width": 17,
        "Actual Startup Time": 0.474,
        "Actual Total Time": 0.475,
        "Actual Rows": 7,
        "Actual Loops": 1,
        "Sort Key": [
          "(count(*)) DESC"
        ],
        "Sort Method": "quicksort",
        "Sort Space Used": 25,
        "Sort Space Type": "Memory",
        "Shared Hit Blocks": 78,
        "Shared Read Blocks": 0,
        "Shared Dirtied Blocks": 0,
        "Shared Written Blocks": 0,
        "Local Hit Blocks": 0,
        "Local Read Blocks": 0,
        "Local Dirtied Blocks": 0,
        "Local Written Blocks": 0,
        "Temp Read Blocks": 0,
        "Temp Written Blocks": 0,
        "Plans": [
          {
            "Node Type": "Aggregate",
            "Strategy": "Hashed",
            "Partial Mode": "Simple",
            "Parent Relationship": "Outer",
            "Parallel Aware": false,
            "Async Capable": false,
            "Startup Cost": 84.33,
            "Total Cost": 84.4,
            "Plan Rows": 7,
            "Plan Width": 17,
            "Actual Startup Time": 0.453,
            "Actual Total Time": 0.454,
            "Actual Rows": 7,
            "Actual Loops": 1,
            "Group Key": [
              "category"
            ],
            "Planned Partitions": 0,
            "HashAgg Batches": 1,
            "Peak Memory Usage": 24,
            "Disk Usage": 0,
            "Shared Hit Blocks": 75,
            "Shared Read Blocks": 0,
            "Shared Dirtied Blocks": 0,
            "Shared Written Blocks": 0,
            "Local Hit Blocks": 0,
            "Local Read Blocks": 0,
            "Local Dirtied Blocks": 0,
            "Local Written Blocks": 0,
            "Temp Read Blocks": 0,
            "Temp Written Blocks": 0,
            "Plans": [
              {
                "Node Type": "Seq Scan",
                "Parent Relationship": "Outer",
                "Parallel Aware": false,
                "Async Capable": false,
                "Relation Name": "products",
                "Alias": "products",
                "Startup Cost": 0.0,
                "Total Cost": 81.22,
                "Plan Rows": 622,
                "Plan Width": 9,
                "Actual Startup Time": 0.005,
                "Actual Total Time": 0.356,
                "Actual Rows": 617,
                "Actual Loops": 1,
                "Filter": "in_stock",
                "Rows Removed by Filter": 0,
                "Shared Hit Blocks": 75,
                "Shared Read Blocks": 0,
                "Shared Dirtied Blocks": 0,
                "Shared Written Blocks": 0,
                "Local Hit Blocks": 0,
                "Local Read Blocks": 0,
                "Local Dirtied Blocks": 0,
                "Local Written Blocks": 0,
                "Temp Read Blocks": 0,
                "Temp Written Blocks": 0
              }
            ]
          }
        ]
      },
      "issues": []
    },
    {
      "name": "chatbots_active",
      "success": false,
      "error": "Coluna n\u00e3o existe: column \"is_active\" does not exist"
    },
    {
      "name": "campaigns_active",
      "success": true,
      "execution_time_ms": 0.015,
      "planning_time_ms": 0.145,
      "total_time_ms": 0.15999999999999998,
      "plan": {
        "Node Type": "Limit",
        "Parallel Aware": false,
        "Async Capable": false,
        "Startup Cost": 11.01,
        "Total Cost": 11.02,
        "Plan Rows": 1,
        "Plan Width": 658,
        "Actual Startup Time": 0.006,
        "Actual Total Time": 0.006,
        "Actual Rows": 0,
        "Actual Loops": 1,
        "Shared Hit Blocks": 0,
        "Shared Read Blocks": 0,
        "Shared Dirtied Blocks": 0,
        "Shared Written Blocks": 0,
        "Local Hit Blocks": 0,
        "Local Read Blocks": 0,
        "Local Dirtied Blocks": 0,
        "Local Written Blocks": 0,
        "Temp Read Blocks": 0,
        "Temp Written Blocks": 0,
        "Plans": [
          {
            "Node Type": "Sort",
            "Parent Relationship": "Outer",
            "Parallel Aware": false,
            "Async Capable": false,
            "Startup Cost": 11.01,
            "Total Cost": 11.02,
            "Plan Rows": 1,
            "Plan Width": 658,
            "Actual Startup Time": 0.006,
            "Actual Total Time": 0.006,
            "Actual Rows": 0,
            "Actual Loops": 1,
            "Sort Key": [
              "created_at DESC"
            ],
            "Sort Method": "quicksort",
            "Sort Space Used": 25,
            "Sort Space Type": "Memory",
            "Shared Hit Blocks": 0,
            "Shared Read Blocks": 0,
            "Shared Dirtied Blocks": 0,
            "Shared Written Blocks": 0,
            "Local Hit Blocks": 0,
            "Local Read Blocks": 0,
            "Local Dirtied Blocks": 0,
            "Local Written Blocks": 0,
            "Temp Read Blocks": 0,
            "Temp Written Blocks": 0,
            "Plans": [
              {
                "Node Type": "Seq Scan",
                "Parent Relationship": "Outer",
                "Parallel Aware": false,
                "Async Capable": false,
                "Relation Name": "campaigns",
                "Alias": "campaigns",
                "Startup Cost": 0.0,
                "Total Cost": 11.0,
                "Plan Rows": 1,
                "Plan Width": 658,
                "Actual Startup Time": 0.002,
                "Actual Total Time": 0.003,
                "Actual Rows": 0,
                "Actual Loops": 1,
                "Filter": "((status)::text = 'active'::text)",
                "Rows Removed by Filter": 0,
                "Shared Hit Blocks": 0,
                "Shared Read Blocks": 0,
                "Shared Dirtied Blocks": 0,
                "Shared Written Blocks": 0,
                "Local Hit Blocks": 0,
                "Local Read Blocks": 0,
                "Local Dirtied Blocks": 0,
                "Local Written Blocks": 0,
                "Temp Read Blocks": 0,
                "Temp Written Blocks": 0
              }
            ]
          }
        ]
      },
      "issues": []
    }
  ],
  "summary": {
    "excellent": 9,
    "good": 0,
    "acceptable": 0,
    "slow": 0,
    "failed": 5
  }
}